1	0.013
2	0.005
3	0.004
4	0.004
5	0.004
6	0.005
7	0.006
8	0.006
9	0.008
10	0.008
11	0.008
12	0.009
13	0.011
14	0.012
15	0.013
16	0.013
17	0.015
18	0.016
19	0.018
20	0.017
21	0.02
22	0.021
23	0.032
24	0.025
25	0.027
26	0.028
27	0.03
28	0.032
29	0.033
30	0.035
31	0.038
32	0.04
33	3.45
34	0.05
35	0.049
36	0.051
37	0.052
38	0.054
39	0.056
40	0.06
41	0.062
42	0.064
43	0.068
44	0.07
45	0.073
46	0.076
47	0.08
48	0.085
49	0.088
50	0.09
51	0.093
52	0.098
53	0.102
54	0.105
55	0.11
56	0.114
57	0.118
58	0.121
59	0.124
60	0.131
61	0.134
62	0.141
63	0.144
64	0.126
65	0.083
66	0.083
67	0.087
68	0.089
69	0.093
70	0.095
71	0.099
72	0.101
73	0.102
74	0.105
75	0.108
76	0.111
77	0.113
78	0.117
79	0.121
80	0.124
81	0.128
82	0.13
83	0.133
84	0.136
85	0.139
86	0.143
87	0.147
88	0.151
89	0.155
90	0.158
91	0.16
92	0.166
93	0.169
94	0.18
95	0.177
96	0.181
97	0.185
98	0.188
99	0.192
100	0.197
101	0.201
102	0.206
103	0.209
104	0.213
105	0.903
106	0.467
107	0.47
108	0.506
109	0.489
110	0.495
111	0.506
112	0.515
113	0.524
114	0.534
115	0.635
116	0.639
117	0.63
118	0.639
119	0.64
120	0.656
121	0.702
122	0.693
123	0.691
124	0.707
125	0.723
126	0.731
127	0.292
128	0.259
129	0.266
130	0.268
131	0.273
132	0.275
133	0.283
134	0.282
135	0.288
136	0.296
137	0.295
138	0.301
139	0.309
140	0.319
141	0.314
142	0.32
143	0.322
144	0.326
145	0.333
146	0.336
147	0.343
148	0.348
149	0.352
150	0.355
151	0.446
152	0.403
153	0.4
154	0.389
155	0.38
156	0.389
157	0.397
158	0.364
159	0.372
160	0.361
161	0.368
162	0.404
163	0.38
164	0.381
165	0.384
166	0.397
167	0.419
168	0.409
169	0.404
170	0.433
171	0.418
172	0.457
173	0.436
174	0.433
175	0.434
176	0.472
177	0.442
178	0.459
179	0.445
180	0.451
181	0.459
182	0.46
183	0.464
184	0.491
185	0.485
186	0.495
187	0.593
188	0.617
189	0.559
190	0.518
191	0.523
192	0.526
193	0.541
194	0.54
195	0.544
196	0.568
197	0.542
198	0.586
199	0.552
200	0.557
201	0.563
202	0.572
203	0.61
204	0.598
205	0.585
206	0.589
207	0.595
208	0.602
209	0.613
210	0.618
211	0.62
212	0.626
213	0.63
214	0.813
215	0.796
216	0.675
217	0.656
218	0.688
219	0.684
220	0.692
221	0.703
222	0.708
223	0.693
224	0.731
225	0.738
226	0.741
227	0.756
228	0.735
229	0.732
230	0.738
231	0.741
232	0.758
233	0.753
234	0.765
235	0.769
236	0.795
237	0.819
238	0.81
239	0.799
240	0.806
241	0.811
242	0.824
243	0.827
244	0.829
245	0.84
246	0.848
247	0.862
248	0.863
249	0.871
250	0.879
251	0.895
252	0.891
253	0.945
254	1.145
255	0.953
256	0.917
257	0.927
258	0.935
259	0.94
260	0.957
261	0.956
262	0.964
263	0.971
264	0.981
265	0.982
266	0.992
267	0.999
268	1.012
269	1.034
270	1.066
271	0.978
272	0.99
273	1.047
274	1.031
275	1.008
276	1.053
277	1.077
278	1.05
279	1.043
280	1.044
281	1.05
282	1.127
283	1.11
284	1.285
285	1.297
286	1.162
287	1.1
288	1.107
289	1.12
290	1.132
291	1.13
292	1.138
293	1.152
294	1.152
295	1.169
296	1.167
297	1.257
298	1.449
299	1.191
300	1.212
301	1.209
302	1.22
303	1.233
304	1.237
305	1.298
306	1.283
307	1.523
308	1.267
309	1.4
310	1.637
311	1.344
312	1.308
313	1.305
314	1.316
315	1.331
316	1.331
317	1.362
318	1.459
319	1.391
320	1.366
321	1.727
322	1.398
323	1.398
324	1.394
325	1.405
326	1.424
327	1.423
328	1.431
329	1.445
330	1.448
331	1.479
332	1.5
333	1.481
334	1.494
335	1.498
336	1.506
337	1.609
338	1.572
339	1.576
340	1.547
341	1.597
342	1.901
343	1.64
344	1.601
345	1.657
346	1.612
347	1.614
348	1.619
349	1.635
350	1.636
351	2.003
352	1.688
353	1.667
354	1.684
355	1.687
356	1.699
357	1.707
358	1.852
359	1.803
360	1.886
361	1.773
362	1.754
363	1.771
364	1.769
365	1.791
366	1.791
367	1.81
368	1.875
369	2.168
370	1.832
371	1.934
372	1.929
373	1.87
374	1.875
375	1.883
376	2.028
377	2.024
378	1.964
379	1.992
380	1.945
381	1.975
382	2.028
383	2.017
384	2.171
385	2.171
386	1.993
387	2.012
388	2.097
389	2.06
390	2.034
391	2.049
392	2.22
393	2.175
394	2.078
395	2.091
396	2.176
397	2.117
398	2.12
399	2.263
400	2.172
401	2.152
402	2.173
403	2.268
404	2.274
405	2.359
406	2.417
407	2.284
408	2.894
409	2.341
410	2.273
411	2.333
412	3.043
413	2.357
414	2.494
415	2.316
416	2.419
417	2.568
418	2.586
419	2.706
420	2.389
421	2.479
422	2.425
423	2.451
424	2.483
425	2.766
426	2.434
427	2.452
428	2.462
429	2.464
430	2.486
431	2.678
432	2.515
433	2.636
434	2.564
435	2.536
436	2.549
437	2.899
438	2.577
439	2.591
440	2.589
441	2.692
442	2.697
443	2.773
444	2.642
445	2.656
446	2.769
447	2.697
448	2.797
449	2.965
450	2.721
451	2.734
452	2.745
453	2.752
454	2.809
455	2.81
456	2.936
457	2.796
458	2.977
459	3.112
460	3.077
461	2.941
462	2.951
463	2.883
464	2.888
465	3.309
466	2.93
467	2.93
468	2.945
469	2.947
470	3.346
471	2.988
472	3.238
473	3.034
474	3.068
475	3.458
476	3.222
477	3.055
478	3.078
479	3.085
480	3.193
481	3.372
482	3.413
483	3.159
484	3.441
485	3.471
486	3.299
487	3.227
488	3.203
489	3.645
490	3.322
491	3.269
492	3.314
493	3.351
494	3.316
495	3.288
496	3.292
497	3.316
498	3.425
499	3.605
500	3.534
501	3.536
502	3.592
503	3.544
504	3.435
505	3.518
506	3.439
507	3.738
508	3.513
509	3.482
510	3.494
511	3.607
512	3.943
513	3.576
514	3.621
515	3.566
516	3.908
517	3.635
518	3.634
519	3.709
520	4.038
521	3.739
522	3.73
523	3.676
524	4.087
525	3.798
526	3.75
527	3.735
528	4.278
529	4.051
530	3.807
531	3.983
532	4.361
533	4.013
534	3.993
535	3.852
536	3.877
537	3.877
538	4.136
539	4.123
540	4.336
541	4.021
542	4.104
543	4.075
544	4.477
545	3.997
546	4.64
547	4.573
548	4.04
549	4.068
550	4.188
551	4.504
552	4.207
553	4.198
554	4.293
555	4.561
556	4.174
557	4.169
558	4.559
559	4.801
560	4.339
561	4.281
562	5.99
563	4.895
564	4.492
565	4.853
566	4.578
567	5.613
568	4.925
569	6.874
570	6.626
571	4.68
572	4.505
573	4.923
574	4.82
575	4.765
576	4.807
577	5.179
578	4.862
579	4.878
580	5.118
581	4.853
582	4.729
583	4.737
584	4.668
585	4.688
586	5.099
587	4.881
588	4.731
589	4.777
590	4.864
591	4.789
592	4.703
593	4.775
594	4.794
595	4.754
596	5.165
597	4.787
598	4.815
599	4.856
600	4.832
601	4.85
602	5.182
603	5.045
604	4.89
605	5.152
606	5.398
607	5.09
608	5.249
609	5.217
610	5.217
611	5.734
612	5.52
613	5.434
614	5.463
615	5.427
616	5.402
617	5.785
618	5.569
619	5.583
620	6.015
621	5.772
622	5.813
623	5.981
624	7.431
625	5.989
626	5.558
627	5.607
628	5.888
629	5.524
630	5.841
631	5.456
632	5.393
633	5.822
634	5.443
635	5.516
636	5.784
637	5.429
638	5.45
639	5.91
640	5.505
641	5.742
642	5.652
643	5.629
644	5.91
645	5.735
646	5.837
647	6.313
648	6.001
649	6.106
650	5.937
651	5.815
652	6.186
653	6.269
654	5.72
655	6.066
656	6.745
657	6.393
658	6.016
659	5.841
660	6.266
661	6.195
662	6.289
663	6.044
664	5.925
665	6.268
666	5.968
667	6.017
668	5.998
669	6.013
670	6.357
671	6.055
672	6.475
673	6.182
674	6.145
675	6.352
676	6.321
677	6.491
678	6.182
679	6.267
680	6.611
681	6.219
682	6.666
683	6.365
684	6.28
685	6.672
686	6.329
687	6.357
688	6.372
689	6.61
690	6.524
691	6.413
692	7.106
693	6.454
694	6.994
695	6.507
696	6.726
697	6.781
698	6.641
699	7.036
700	6.59
701	6.994
702	6.652
703	7.046
704	6.725
705	6.727
706	7.021
707	6.812
708	7.141
709	6.824
710	6.808
711	6.796
712	7.24
713	7.348
714	7.377
715	7.22
716	6.989
717	7.114
718	7.056
719	7.456
720	7.309
721	7.871
722	7.291
723	7.774
724	7.295
725	7.882
726	7.133
727	7.627
728	7.531
729	7.887
730	8.207
731	8.434
732	7.448
733	7.764
734	7.405
735	7.736
736	7.808
737	8.142
738	7.666
739	8.142
740	7.763
741	8.069
742	7.842
743	8.207
744	7.775
745	10.657
746	15.24
747	7.902
748	8.261
749	7.933
750	7.958
751	7.934
752	7.943
753	7.612
754	8.022
755	7.815
756	8.035
757	7.994
758	7.851
759	7.97
760	7.97
761	8.276
762	7.846
763	8.156
764	7.833
765	8.25
766	7.961
767	7.976
768	8.093
769	8.471
770	8.012
771	8.613
772	8.525
773	8.953
774	8.626
775	8.959
776	8.96
777	8.708
778	9.077
779	8.916
780	8.887
781	8.943
782	9.172
783	8.767
784	8.474
785	8.988
786	8.55
787	8.887
788	8.991
789	8.75
790	8.637
791	9.125
792	9.839
793	8.992
794	8.893
795	8.609
796	8.886
797	9.345
798	8.571
799	8.986
800	8.592
1	0.001
2	0
3	0.001
4	0.002
5	0.003
6	0.003
7	0.015
8	0.05
9	0.167
10	0.338
11	0.338
12	0.341
13	3.261
14	2.907
15	15.061
16	196.846
17	884.046
18	3279.45
19	7530.43
20	19294.6
